<?xml version="1.0" encoding="UTF-8"?>
<!-- Generated by org.testng.reporters.JUnitReportReporter -->
<testsuite hostname="IT-PC" name="com.nwnt.qa.testcases.LoginPageTest" tests="2" failures="0" timestamp="18 Dec 2018 11:39:14 GMT" time="13.874" errors="0">
  <testcase name="loginTest" time="7.725" classname="com.nwnt.qa.testcases.LoginPageTest"/>
  <testcase name="loginPageTitleTest" time="6.149" classname="com.nwnt.qa.testcases.LoginPageTest"/>
</testsuite> <!-- com.nwnt.qa.testcases.LoginPageTest -->
