<?xml version="1.0" encoding="UTF-8"?>
<!-- Generated by org.testng.reporters.JUnitReportReporter -->
<testsuite hostname="IT-PC" name="com.nwnt.qa.testcases.UserSOMDetailTest" tests="1" failures="0" timestamp="9 May 2019 11:42:32 GMT" time="29.685" errors="0">
  <testcase name="viewOverallResultTest" time="29.685" classname="com.nwnt.qa.testcases.UserSOMDetailTest"/>
</testsuite> <!-- com.nwnt.qa.testcases.UserSOMDetailTest -->
