<?xml version="1.0" encoding="UTF-8"?>
<!-- Generated by org.testng.reporters.JUnitReportReporter -->
<testsuite hostname="IT-PC" name="com.nwnt.qa.testcases.UserSOMDetailTest" tests="7" failures="0" timestamp="16 May 2019 05:39:23 GMT" time="214.568" errors="0">
  <testcase name="viewCircumstancesSelectedQues" time="32.645" classname="com.nwnt.qa.testcases.UserSOMDetailTest"/>
  <testcase name="viewHomeLifeSelectedQues" time="34.636" classname="com.nwnt.qa.testcases.UserSOMDetailTest"/>
  <testcase name="viewWorkLifeSelectedQues" time="32.034" classname="com.nwnt.qa.testcases.UserSOMDetailTest"/>
  <testcase name="viewSummaryResult" time="28.796" classname="com.nwnt.qa.testcases.UserSOMDetailTest"/>
  <testcase name="viewBodyMindSelectedQues" time="29.141" classname="com.nwnt.qa.testcases.UserSOMDetailTest"/>
  <testcase name="viewNatureSelectedQues" time="28.493" classname="com.nwnt.qa.testcases.UserSOMDetailTest"/>
  <testcase name="viewOverallResult" time="28.823" classname="com.nwnt.qa.testcases.UserSOMDetailTest"/>
</testsuite> <!-- com.nwnt.qa.testcases.UserSOMDetailTest -->
