<?xml version="1.0" encoding="UTF-8"?>
<!-- Generated by org.testng.reporters.JUnitReportReporter -->
<testsuite hostname="IT-PC" name="com.nwnt.qa.testcases.UploadPrescriptionTest" tests="5" failures="0" timestamp="7 May 2019 10:37:48 GMT" time="42.642" errors="0">
  <testcase name="uploadLabReport" time="7.943" classname="com.nwnt.qa.testcases.UploadPrescriptionTest"/>
  <testcase name="uploadLabReport" time="9.415" classname="com.nwnt.qa.testcases.UploadPrescriptionTest"/>
  <testcase name="uploadLabReport" time="8.586" classname="com.nwnt.qa.testcases.UploadPrescriptionTest"/>
  <testcase name="uploadLabReport" time="7.952" classname="com.nwnt.qa.testcases.UploadPrescriptionTest"/>
  <testcase name="uploadLabReport" time="8.746" classname="com.nwnt.qa.testcases.UploadPrescriptionTest"/>
</testsuite> <!-- com.nwnt.qa.testcases.UploadPrescriptionTest -->
