<?xml version="1.0" encoding="UTF-8"?>
<!-- Generated by org.testng.reporters.JUnitReportReporter -->
<testsuite hostname="IT-PC" name="com.nwnt.qa.testcases.UploadPrescriptionTest" tests="12" failures="0" timestamp="16 May 2019 05:39:23 GMT" time="139.115" errors="0">
  <testcase name="add_saveInvestigation" time="9.712" classname="com.nwnt.qa.testcases.UploadPrescriptionTest"/>
  <testcase name="uploadLabReport" time="9.946" classname="com.nwnt.qa.testcases.UploadPrescriptionTest"/>
  <testcase name="add_saveInvestigation" time="10.199" classname="com.nwnt.qa.testcases.UploadPrescriptionTest"/>
  <testcase name="add_saveInvestigation" time="14.081" classname="com.nwnt.qa.testcases.UploadPrescriptionTest"/>
  <testcase name="add_saveInvestigation" time="10.983" classname="com.nwnt.qa.testcases.UploadPrescriptionTest"/>
  <testcase name="uploadLabReport" time="13.082" classname="com.nwnt.qa.testcases.UploadPrescriptionTest"/>
  <testcase name="uploadLabReport" time="8.816" classname="com.nwnt.qa.testcases.UploadPrescriptionTest"/>
  <testcase name="Revise_adjustMedicines" time="12.890" classname="com.nwnt.qa.testcases.UploadPrescriptionTest"/>
  <testcase name="uploadLabReport" time="13.368" classname="com.nwnt.qa.testcases.UploadPrescriptionTest"/>
  <testcase name="uploadLabReport" time="11.171" classname="com.nwnt.qa.testcases.UploadPrescriptionTest"/>
  <testcase name="Revise_adjustMedicines" time="15.271" classname="com.nwnt.qa.testcases.UploadPrescriptionTest"/>
  <testcase name="add_saveInvestigation" time="9.596" classname="com.nwnt.qa.testcases.UploadPrescriptionTest"/>
</testsuite> <!-- com.nwnt.qa.testcases.UploadPrescriptionTest -->
