<?xml version="1.0" encoding="UTF-8"?>
<!-- Generated by org.testng.reporters.JUnitReportReporter -->
<testsuite hostname="IT-PC" name="com.nwnt.qa.testcases.PrintPrescriptionPageTest" tests="1" failures="0" timestamp="24 Apr 2019 06:06:21 GMT" time="98.153" errors="0">
  <testcase name="sendPrescriptionMail" time="98.153" classname="com.nwnt.qa.testcases.PrintPrescriptionPageTest"/>
</testsuite> <!-- com.nwnt.qa.testcases.PrintPrescriptionPageTest -->
