<?xml version="1.0" encoding="UTF-8"?>
<!-- Generated by org.testng.reporters.JUnitReportReporter -->
<testsuite hostname="IT-PC" name="com.nwnt.qa.testcases.LoginPageTest" tests="2" failures="0" timestamp="18 May 2019 07:30:03 GMT" time="17.303" errors="0">
  <testcase name="loginPageTitleTest" time="5.983" classname="com.nwnt.qa.testcases.LoginPageTest"/>
  <testcase name="loginTest" time="11.320" classname="com.nwnt.qa.testcases.LoginPageTest"/>
</testsuite> <!-- com.nwnt.qa.testcases.LoginPageTest -->
