<?xml version="1.0" encoding="UTF-8"?>
<!-- Generated by org.testng.reporters.JUnitReportReporter -->
<testsuite hostname="IT-PC" name="com.nwnt.qa.testcases.LoginPageTest" tests="2" failures="0" timestamp="13 Jun 2018 07:38:14 GMT" time="16.240" errors="0">
  <testcase name="loginTest" time="8.016" classname="com.nwnt.qa.testcases.LoginPageTest"/>
  <testcase name="loginPageTitleTest" time="8.224" classname="com.nwnt.qa.testcases.LoginPageTest"/>
</testsuite> <!-- com.nwnt.qa.testcases.LoginPageTest -->
