<?xml version="1.0" encoding="UTF-8"?>
<!-- Generated by org.testng.reporters.JUnitReportReporter -->
<testsuite hostname="IT-PC" name="com.nwnt.qa.testcases.LoginPageTest" tests="2" failures="0" timestamp="30 Apr 2019 11:02:39 GMT" time="14.184" errors="0">
  <testcase name="loginPageTitleTest" time="6.794" classname="com.nwnt.qa.testcases.LoginPageTest"/>
  <testcase name="loginTest" time="7.390" classname="com.nwnt.qa.testcases.LoginPageTest"/>
</testsuite> <!-- com.nwnt.qa.testcases.LoginPageTest -->
