<?xml version="1.0" encoding="UTF-8"?>
<!-- Generated by org.testng.reporters.JUnitReportReporter -->
<testsuite hostname="IT-PC" name="com.nwnt.qa.testcases.HomePageTest" tests="5" failures="0" timestamp="15 Jun 2018 08:35:30 GMT" time="40.947" errors="0">
  <testcase name="homePageTitleTest" time="7.303" classname="com.nwnt.qa.testcases.HomePageTest"/>
  <testcase name="clickAppointmentTest" time="9.791" classname="com.nwnt.qa.testcases.HomePageTest"/>
  <testcase name="clickChangePasswordTest" time="7.772" classname="com.nwnt.qa.testcases.HomePageTest"/>
  <testcase name="clickLogoutTest" time="7.506" classname="com.nwnt.qa.testcases.HomePageTest"/>
  <testcase name="clickAppointmentsTest" time="8.575" classname="com.nwnt.qa.testcases.HomePageTest"/>
</testsuite> <!-- com.nwnt.qa.testcases.HomePageTest -->
