<?xml version="1.0" encoding="UTF-8"?>
<!-- Generated by org.testng.reporters.JUnitReportReporter -->
<testsuite hostname="IT-PC" name="com.nwnt.qa.testcases.UserSOMDetailTest" tests="1" failures="0" timestamp="22 Apr 2019 05:21:37 GMT" time="986.426" errors="0">
  <testcase name="viewOverallResultTest" time="986.426" classname="com.nwnt.qa.testcases.UserSOMDetailTest"/>
</testsuite> <!-- com.nwnt.qa.testcases.UserSOMDetailTest -->
