<?xml version="1.0" encoding="UTF-8"?>
<!-- Generated by org.testng.reporters.JUnitReportReporter -->
<testsuite hostname="IT-PC" name="com.nwnt.qa.testcases.ChangePasswordTest" tests="4" failures="0" timestamp="16 Apr 2019 10:09:28 GMT" time="527.770" errors="0">
  <testcase name="appointmentsTest" time="12.189" classname="com.nwnt.qa.testcases.ChangePasswordTest"/>
  <testcase name="logoutTest" time="8.955" classname="com.nwnt.qa.testcases.ChangePasswordTest"/>
  <testcase name="yourProfileTest" time="13.748" classname="com.nwnt.qa.testcases.ChangePasswordTest"/>
  <testcase name="changePassTest" time="492.878" classname="com.nwnt.qa.testcases.ChangePasswordTest"/>
</testsuite> <!-- com.nwnt.qa.testcases.ChangePasswordTest -->
