<?xml version="1.0" encoding="UTF-8"?>
<!-- Generated by org.testng.reporters.JUnitReportReporter -->
<testsuite hostname="IT-PC" name="com.nwnt.qa.testcases.ViewPreviousPayReceiptsTest" tests="1" failures="0" timestamp="16 May 2019 05:39:23 GMT" time="10.823" errors="0">
  <testcase name="countViewReceipt" time="10.823" classname="com.nwnt.qa.testcases.ViewPreviousPayReceiptsTest"/>
</testsuite> <!-- com.nwnt.qa.testcases.ViewPreviousPayReceiptsTest -->
