<?xml version="1.0" encoding="UTF-8"?>
<!-- Generated by org.testng.reporters.JUnitReportReporter -->
<testsuite hostname="IT-PC" name="com.nwnt.qa.testcases.AssignAppointmentTest" tests="3" failures="0" timestamp="4 May 2019 09:47:59 GMT" time="59.828" errors="0">
  <testcase name="assignPnlAppointmentTest" time="18.471" classname="com.nwnt.qa.testcases.AssignAppointmentTest"/>
  <testcase name="assignDrAppointmentTest" time="22.008" classname="com.nwnt.qa.testcases.AssignAppointmentTest"/>
  <testcase name="assignDrAppointmentTest" time="19.349" classname="com.nwnt.qa.testcases.AssignAppointmentTest"/>
</testsuite> <!-- com.nwnt.qa.testcases.AssignAppointmentTest -->
