<?xml version="1.0" encoding="UTF-8"?>
<!-- Generated by org.testng.reporters.JUnitReportReporter -->
<testsuite hostname="IT-PC" name="com.nwnt.qa.testcases.AssignAppointmentTest" tests="3" failures="0" timestamp="16 May 2019 05:39:23 GMT" time="61.820" errors="0">
  <testcase name="assignPnlAppointment" time="21.650" classname="com.nwnt.qa.testcases.AssignAppointmentTest"/>
  <testcase name="assignDrAppointment" time="19.498" classname="com.nwnt.qa.testcases.AssignAppointmentTest"/>
  <testcase name="assignDrAppointment" time="20.672" classname="com.nwnt.qa.testcases.AssignAppointmentTest"/>
</testsuite> <!-- com.nwnt.qa.testcases.AssignAppointmentTest -->
