<?xml version="1.0" encoding="UTF-8"?>
<!-- Generated by org.testng.reporters.JUnitReportReporter -->
<testsuite hostname="IT-PC" name="com.nwnt.qa.testcases.PrintPreviousPayReceiptTest" tests="1" failures="0" timestamp="25 Apr 2019 10:49:59 GMT" time="24.371" errors="0">
  <testcase name="printReceipt" time="24.371" classname="com.nwnt.qa.testcases.PrintPreviousPayReceiptTest"/>
</testsuite> <!-- com.nwnt.qa.testcases.PrintPreviousPayReceiptTest -->
