<?xml version="1.0" encoding="UTF-8"?>
<!-- Generated by org.testng.reporters.JUnitReportReporter -->
<testsuite hostname="IT-PC" name="com.nwnt.qa.testcases.HomePageTest" tests="7" failures="0" timestamp="10 May 2019 10:27:16 GMT" time="267.275" errors="0">
  <testcase name="searchAgainstCriteria" time="164.890" classname="com.nwnt.qa.testcases.HomePageTest"/>
  <testcase name="searchAgainstCriteria" time="12.584" classname="com.nwnt.qa.testcases.HomePageTest"/>
  <testcase name="searchAgainstCriteria" time="15.677" classname="com.nwnt.qa.testcases.HomePageTest"/>
  <testcase name="searchAgainstCriteria" time="10.754" classname="com.nwnt.qa.testcases.HomePageTest"/>
  <testcase name="searchAgainstCriteria" time="9.188" classname="com.nwnt.qa.testcases.HomePageTest"/>
  <testcase name="searchAgainstCriteria" time="35.764" classname="com.nwnt.qa.testcases.HomePageTest"/>
  <testcase name="searchAgainstCriteria" time="18.418" classname="com.nwnt.qa.testcases.HomePageTest"/>
</testsuite> <!-- com.nwnt.qa.testcases.HomePageTest -->
