<?xml version="1.0" encoding="UTF-8"?>
<!-- Generated by org.testng.reporters.JUnitReportReporter -->
<testsuite hostname="IT-PC" name="com.nwnt.qa.testcases.ChangePasswordTest" tests="4" failures="0" timestamp="15 May 2019 07:16:52 GMT" time="51.837" errors="0">
  <testcase name="appointmentsTest" time="8.427" classname="com.nwnt.qa.testcases.ChangePasswordTest"/>
  <testcase name="yourProfileTest" time="20.625" classname="com.nwnt.qa.testcases.ChangePasswordTest"/>
  <testcase name="logoutTest" time="8.116" classname="com.nwnt.qa.testcases.ChangePasswordTest"/>
  <testcase name="changePassTest" time="14.669" classname="com.nwnt.qa.testcases.ChangePasswordTest"/>
</testsuite> <!-- com.nwnt.qa.testcases.ChangePasswordTest -->
