<?xml version="1.0" encoding="UTF-8"?>
<!-- Generated by org.testng.reporters.JUnitReportReporter -->
<testsuite hostname="IT-PC" name="com.nwnt.qa.testcases.HomePageTest" tests="20" failures="0" timestamp="16 May 2019 05:39:23 GMT" time="196.310" errors="0">
  <testcase name="clickChangePassword" time="8.437" classname="com.nwnt.qa.testcases.HomePageTest"/>
  <testcase name="clickAssignAppointment" time="8.552" classname="com.nwnt.qa.testcases.HomePageTest"/>
  <testcase name="openVisitorProfile" time="11.217" classname="com.nwnt.qa.testcases.HomePageTest"/>
  <testcase name="searchAgainstCriteria" time="11.690" classname="com.nwnt.qa.testcases.HomePageTest"/>
  <testcase name="searchAgainstCriteria" time="9.167" classname="com.nwnt.qa.testcases.HomePageTest"/>
  <testcase name="clickPrintPreviousReceipts" time="8.050" classname="com.nwnt.qa.testcases.HomePageTest"/>
  <testcase name="clickAppointments" time="9.169" classname="com.nwnt.qa.testcases.HomePageTest"/>
  <testcase name="searchAgainstCriteria" time="11.051" classname="com.nwnt.qa.testcases.HomePageTest"/>
  <testcase name="searchAgainstCriteria" time="8.348" classname="com.nwnt.qa.testcases.HomePageTest"/>
  <testcase name="clickYourProfile" time="11.742" classname="com.nwnt.qa.testcases.HomePageTest"/>
  <testcase name="homePageTitleTest" time="9.840" classname="com.nwnt.qa.testcases.HomePageTest"/>
  <testcase name="clickViewOpenAppointments" time="9.653" classname="com.nwnt.qa.testcases.HomePageTest"/>
  <testcase name="searchAgainstCriteria" time="10.558" classname="com.nwnt.qa.testcases.HomePageTest"/>
  <testcase name="clickStressometer" time="8.088" classname="com.nwnt.qa.testcases.HomePageTest"/>
  <testcase name="searchAgainstCriteria" time="8.818" classname="com.nwnt.qa.testcases.HomePageTest"/>
  <testcase name="clickAdvancePayment" time="10.239" classname="com.nwnt.qa.testcases.HomePageTest"/>
  <testcase name="clickLogout" time="9.205" classname="com.nwnt.qa.testcases.HomePageTest"/>
  <testcase name="clickUploadPrescriptions" time="8.835" classname="com.nwnt.qa.testcases.HomePageTest"/>
  <testcase name="searchAgainstCriteria" time="12.951" classname="com.nwnt.qa.testcases.HomePageTest"/>
  <testcase name="clickPrintPrescriptions" time="10.700" classname="com.nwnt.qa.testcases.HomePageTest"/>
</testsuite> <!-- com.nwnt.qa.testcases.HomePageTest -->
