<?xml version="1.0" encoding="UTF-8"?>
<!-- Generated by org.testng.reporters.JUnitReportReporter -->
<testsuite hostname="IT-PC" name="com.nwnt.qa.testcases.PrintPreviousPayReceiptTest" tests="1" failures="0" timestamp="16 May 2019 06:29:56 GMT" time="25.837" errors="0">
  <testcase name="printReceipt" time="25.837" classname="com.nwnt.qa.testcases.PrintPreviousPayReceiptTest"/>
</testsuite> <!-- com.nwnt.qa.testcases.PrintPreviousPayReceiptTest -->
