<?xml version="1.0" encoding="UTF-8"?>
<!-- Generated by org.testng.reporters.JUnitReportReporter -->
<testsuite hostname="IT-PC" name="com.nwnt.qa.testcases.UploadPrescriptionTest" tests="12" failures="0" timestamp="7 May 2019 12:20:51 GMT" time="102.846" errors="0">
  <testcase name="uploadLabReport" time="9.014" classname="com.nwnt.qa.testcases.UploadPrescriptionTest"/>
  <testcase name="add_saveInvestigation" time="8.521" classname="com.nwnt.qa.testcases.UploadPrescriptionTest"/>
  <testcase name="add_saveInvestigation" time="8.395" classname="com.nwnt.qa.testcases.UploadPrescriptionTest"/>
  <testcase name="add_saveInvestigation" time="8.584" classname="com.nwnt.qa.testcases.UploadPrescriptionTest"/>
  <testcase name="add_saveInvestigation" time="8.784" classname="com.nwnt.qa.testcases.UploadPrescriptionTest"/>
  <testcase name="uploadLabReport" time="8.361" classname="com.nwnt.qa.testcases.UploadPrescriptionTest"/>
  <testcase name="Revise_adjustMedicines" time="8.245" classname="com.nwnt.qa.testcases.UploadPrescriptionTest"/>
  <testcase name="Revise_adjustMedicines" time="9.068" classname="com.nwnt.qa.testcases.UploadPrescriptionTest"/>
  <testcase name="add_saveInvestigation" time="8.567" classname="com.nwnt.qa.testcases.UploadPrescriptionTest"/>
  <testcase name="uploadLabReport" time="8.440" classname="com.nwnt.qa.testcases.UploadPrescriptionTest"/>
  <testcase name="uploadLabReport" time="8.440" classname="com.nwnt.qa.testcases.UploadPrescriptionTest"/>
  <testcase name="uploadLabReport" time="8.427" classname="com.nwnt.qa.testcases.UploadPrescriptionTest"/>
</testsuite> <!-- com.nwnt.qa.testcases.UploadPrescriptionTest -->
