<?xml version="1.0" encoding="UTF-8"?>
<!-- Generated by org.testng.reporters.JUnitReportReporter -->
<testsuite hostname="IT-PC" name="com.nwnt.qa.testcases.AdvancePaymentPageTest" tests="4" failures="0" timestamp="16 May 2019 05:39:23 GMT" time="40.508" errors="0">
  <testcase name="makeAdvancePayment" time="12.270" classname="com.nwnt.qa.testcases.AdvancePaymentPageTest"/>
  <testcase name="makeAdvancePayment" time="9.636" classname="com.nwnt.qa.testcases.AdvancePaymentPageTest"/>
  <testcase name="makeAdvancePayment" time="8.960" classname="com.nwnt.qa.testcases.AdvancePaymentPageTest"/>
  <testcase name="makeAdvancePayment" time="9.642" classname="com.nwnt.qa.testcases.AdvancePaymentPageTest"/>
</testsuite> <!-- com.nwnt.qa.testcases.AdvancePaymentPageTest -->
