<?xml version="1.0" encoding="UTF-8"?>
<!-- Generated by org.testng.reporters.JUnitReportReporter -->
<testsuite hostname="IT-PC" name="com.nwnt.qa.testcases.ChangePasswordTest" tests="4" failures="0" timestamp="4 May 2019 06:18:14 GMT" time="35.227" errors="0">
  <testcase name="appointmentsTest" time="8.695" classname="com.nwnt.qa.testcases.ChangePasswordTest"/>
  <testcase name="yourProfileTest" time="7.372" classname="com.nwnt.qa.testcases.ChangePasswordTest"/>
  <testcase name="changePassTest" time="11.712" classname="com.nwnt.qa.testcases.ChangePasswordTest"/>
  <testcase name="logoutTest" time="7.448" classname="com.nwnt.qa.testcases.ChangePasswordTest"/>
</testsuite> <!-- com.nwnt.qa.testcases.ChangePasswordTest -->
