<?xml version="1.0" encoding="UTF-8"?>
<!-- Generated by org.testng.reporters.JUnitReportReporter -->
<testsuite hostname="IT-PC" name="com.nwnt.qa.testcases.AllPrescriptionPageTest" tests="2" failures="0" timestamp="16 May 2019 05:39:23 GMT" time="20.382" errors="0">
  <testcase name="getNumberofPrescription" time="10.448" classname="com.nwnt.qa.testcases.AllPrescriptionPageTest"/>
  <testcase name="viewPrescription" time="9.934" classname="com.nwnt.qa.testcases.AllPrescriptionPageTest"/>
</testsuite> <!-- com.nwnt.qa.testcases.AllPrescriptionPageTest -->
