<?xml version="1.0" encoding="UTF-8"?>
<!-- Generated by org.testng.reporters.JUnitReportReporter -->
<testsuite hostname="IT-PC" name="com.nwnt.qa.testcases.AllPrescriptionPageTest" tests="1" failures="0" timestamp="22 Apr 2019 13:09:10 GMT" time="55.316" errors="0">
  <testcase name="viewPrescription" time="55.316" classname="com.nwnt.qa.testcases.AllPrescriptionPageTest"/>
</testsuite> <!-- com.nwnt.qa.testcases.AllPrescriptionPageTest -->
