<?xml version="1.0" encoding="UTF-8"?>
<!-- Generated by org.testng.reporters.JUnitReportReporter -->
<testsuite hostname="IT-PC" name="com.nwnt.qa.testcases.AllPrescriptionPageTest" tests="1" failures="0" timestamp="23 Apr 2019 05:36:36 GMT" time="13.960" errors="0">
  <testcase name="viewPrescription" time="13.960" classname="com.nwnt.qa.testcases.AllPrescriptionPageTest"/>
</testsuite> <!-- com.nwnt.qa.testcases.AllPrescriptionPageTest -->
