<?xml version="1.0" encoding="UTF-8"?>
<!-- Generated by org.testng.reporters.JUnitReportReporter -->
<testsuite hostname="IT-PC" name="com.nwnt.qa.testcases.ChangePasswordTest" tests="1" failures="0" timestamp="1 Feb 2019 08:00:40 GMT" time="15.540" errors="0">
  <testcase name="ChangePassTest" time="15.540" classname="com.nwnt.qa.testcases.ChangePasswordTest"/>
</testsuite> <!-- com.nwnt.qa.testcases.ChangePasswordTest -->
